<?xml version="1.0" encoding="UTF-8"?>
<!-- Generated by org.testng.reporters.JUnitReportReporter -->
<testsuite hostname="QT-INBG-LT0454" failures="0" tests="2" name="TestRunner.AllRunner" time="127.251" errors="0" timestamp="2023-03-07T10:38:38 IST" skipped="0">
  <testcase classname="TestRunner.AllRunner" name="runScenario" time="69.412"/>
  <system-out/>
  <testcase classname="TestRunner.AllRunner" name="runScenario" time="57.839"/>
  <system-out/>
</testsuite> <!-- TestRunner.AllRunner -->
