<?xml version="1.0" encoding="UTF-8"?>
<!-- Generated by org.testng.reporters.JUnitReportReporter -->
<testsuite hostname="QT-INBG-LT0454" failures="0" tests="2" name="TestRunner.AllRunner" time="145.016" errors="0" timestamp="2023-03-13T11:22:04 IST" skipped="0">
  <testcase classname="TestRunner.AllRunner" name="runScenario" time="75.982"/>
  <system-out/>
  <testcase classname="TestRunner.AllRunner" name="runScenario" time="69.034"/>
  <system-out/>
</testsuite> <!-- TestRunner.AllRunner -->
