<?xml version="1.0" encoding="UTF-8"?>
<!-- Generated by org.testng.reporters.JUnitReportReporter -->
<testsuite hostname="QT-INBG-LT0454" failures="0" tests="1" name="TestRunner.AllRunner" time="200.162" errors="0" timestamp="2023-03-01T12:02:26 IST" skipped="0">
  <testcase classname="TestRunner.AllRunner" name="runScenario" time="200.162"/>
  <system-out/>
</testsuite> <!-- TestRunner.AllRunner -->
