<?xml version="1.0" encoding="UTF-8"?>
<!-- Generated by org.testng.reporters.JUnitReportReporter -->
<testsuite hostname="QT-INBG-LT0454" failures="0" tests="2" name="TestRunner.AllRunner" time="152.896" errors="0" timestamp="2023-03-14T11:12:24 IST" skipped="0">
  <testcase classname="TestRunner.AllRunner" name="runScenario" time="89.265"/>
  <system-out/>
  <testcase classname="TestRunner.AllRunner" name="runScenario" time="63.631"/>
  <system-out/>
</testsuite> <!-- TestRunner.AllRunner -->
