<?xml version="1.0" encoding="UTF-8"?>
<!-- Generated by org.testng.reporters.JUnitReportReporter -->
<testsuite hostname="QT-INBG-LT0454" failures="0" tests="2" name="TestRunner.AllRunner" time="131.058" errors="0" timestamp="2023-03-06T10:37:12 IST" skipped="0">
  <testcase classname="TestRunner.AllRunner" name="runScenario" time="59.571"/>
  <system-out/>
  <testcase classname="TestRunner.AllRunner" name="runScenario" time="71.487"/>
  <system-out/>
</testsuite> <!-- TestRunner.AllRunner -->
