<?xml version="1.0" encoding="UTF-8"?>
<!-- Generated by org.testng.reporters.JUnitReportReporter -->
<testsuite hostname="QT-INBG-LT0454" failures="0" tests="2" name="TestRunner.AllRunner" time="154.517" errors="0" timestamp="2023-03-10T11:03:47 IST" skipped="0">
  <testcase classname="TestRunner.AllRunner" name="runScenario" time="73.215"/>
  <system-out/>
  <testcase classname="TestRunner.AllRunner" name="runScenario" time="81.302"/>
  <system-out/>
</testsuite> <!-- TestRunner.AllRunner -->
